{"timestamp":"2025-10-26T17:27:59.631774","level":"info","event":"DAG bundles loaded: dags-folder","logger":"airflow.dag_processing.bundles.manager.DagBundlesManager"}
{"timestamp":"2025-10-26T17:27:59.632406","level":"info","event":"Filling up the DagBag from /opt/airflow/dags/elt_medallon.py","logger":"airflow.models.dagbag.DagBag"}
{"timestamp":"2025-10-26T17:28:00.111476Z","level":"info","event":"datos del df: 0            SP.POP.TOTL","chan":"stdout","logger":"task"}
{"timestamp":"2025-10-26T17:28:00.111775Z","level":"info","event":"1            SP.POP.TOTL","chan":"stdout","logger":"task"}
{"timestamp":"2025-10-26T17:28:00.112278Z","level":"info","event":"2            SP.POP.TOTL","chan":"stdout","logger":"task"}
{"timestamp":"2025-10-26T17:28:00.112464Z","level":"info","event":"3            SP.POP.TOTL","chan":"stdout","logger":"task"}
{"timestamp":"2025-10-26T17:28:00.112638Z","level":"info","event":"4            SP.POP.TOTL","chan":"stdout","logger":"task"}
{"timestamp":"2025-10-26T17:28:00.112865Z","level":"info","event":"             ...","chan":"stdout","logger":"task"}
{"timestamp":"2025-10-26T17:28:00.113079Z","level":"info","event":"325    SP.POP.TOTL.MA.IN","chan":"stdout","logger":"task"}
{"timestamp":"2025-10-26T17:28:00.113325Z","level":"info","event":"326    SP.POP.TOTL.MA.IN","chan":"stdout","logger":"task"}
{"timestamp":"2025-10-26T17:28:00.113563Z","level":"info","event":"327    SP.POP.TOTL.MA.IN","chan":"stdout","logger":"task"}
{"timestamp":"2025-10-26T17:28:00.113756Z","level":"info","event":"328    SP.POP.TOTL.MA.IN","chan":"stdout","logger":"task"}
{"timestamp":"2025-10-26T17:28:00.113940Z","level":"info","event":"329    SP.POP.TOTL.MA.IN","chan":"stdout","logger":"task"}
{"timestamp":"2025-10-26T17:28:00.114151Z","level":"info","event":"Name: codigo_indicador, Length: 330, dtype: object","chan":"stdout","logger":"task"}
{"timestamp":"2025-10-26T17:28:00.116314Z","level":"info","event":"datos del dim:      codigo_indicador descripcion_indicador","chan":"stdout","logger":"task"}
{"timestamp":"2025-10-26T17:28:00.116595Z","level":"info","event":"0         SP.POP.TOTL     Population, total","chan":"stdout","logger":"task"}
{"timestamp":"2025-10-26T17:28:00.116800Z","level":"info","event":"10  SP.POP.TOTL.FE.IN    Population, female","chan":"stdout","logger":"task"}
{"timestamp":"2025-10-26T17:28:00.117011Z","level":"info","event":"20  SP.POP.TOTL.MA.IN      Population, male","chan":"stdout","logger":"task"}
{"timestamp":"2025-10-26T17:28:00.129395","level":"info","event":"Done. Returned value was: /opt/airflow/data_lake/gold/dimensions/indicators.parquet","logger":"airflow.task.operators.airflow.providers.standard.operators.python.PythonOperator"}
{"timestamp":"2025-10-26T17:28:00.129625","level":"info","event":"Pushing xcom","ti":"RuntimeTaskInstance(id=UUID('019a218f-c298-76a8-b80a-c5f42e049a8a'), task_id='dim_indicators', dag_id='elt_medallon', run_id='manual__2025-10-26T17:27:40.933451+00:00', try_number=1, map_index=-1, hostname='18be95685c95', context_carrier=None, task=<Task(PythonOperator): dim_indicators>, bundle_instance=LocalDagBundle(name=dags-folder), max_tries=0, start_date=datetime.datetime(2025, 10, 26, 17, 27, 59, 568990, tzinfo=TzInfo(UTC)), end_date=None, is_mapped=False)","logger":"task"}
