{"timestamp":"2025-10-26T17:21:53.749665","level":"info","event":"DAG bundles loaded: dags-folder","logger":"airflow.dag_processing.bundles.manager.DagBundlesManager"}
{"timestamp":"2025-10-26T17:21:53.750358","level":"info","event":"Filling up the DagBag from /opt/airflow/dags/elt_medallon.py","logger":"airflow.models.dagbag.DagBag"}
{"timestamp":"2025-10-26T17:21:54.363955Z","level":"info","event":"datos del df: 0            SP.POP.TOTL","chan":"stdout","logger":"task"}
{"timestamp":"2025-10-26T17:21:54.364310Z","level":"info","event":"1            SP.POP.TOTL","chan":"stdout","logger":"task"}
{"timestamp":"2025-10-26T17:21:54.364689Z","level":"info","event":"2            SP.POP.TOTL","chan":"stdout","logger":"task"}
{"timestamp":"2025-10-26T17:21:54.364925Z","level":"info","event":"3            SP.POP.TOTL","chan":"stdout","logger":"task"}
{"timestamp":"2025-10-26T17:21:54.365105Z","level":"info","event":"4            SP.POP.TOTL","chan":"stdout","logger":"task"}
{"timestamp":"2025-10-26T17:21:54.365301Z","level":"info","event":"             ...","chan":"stdout","logger":"task"}
{"timestamp":"2025-10-26T17:21:54.365472Z","level":"info","event":"325    SP.POP.TOTL.MA.IN","chan":"stdout","logger":"task"}
{"timestamp":"2025-10-26T17:21:54.365646Z","level":"info","event":"326    SP.POP.TOTL.MA.IN","chan":"stdout","logger":"task"}
{"timestamp":"2025-10-26T17:21:54.365855Z","level":"info","event":"327    SP.POP.TOTL.MA.IN","chan":"stdout","logger":"task"}
{"timestamp":"2025-10-26T17:21:54.366055Z","level":"info","event":"328    SP.POP.TOTL.MA.IN","chan":"stdout","logger":"task"}
{"timestamp":"2025-10-26T17:21:54.366290Z","level":"info","event":"329    SP.POP.TOTL.MA.IN","chan":"stdout","logger":"task"}
{"timestamp":"2025-10-26T17:21:54.366548Z","level":"info","event":"Name: codigo_indicador, Length: 330, dtype: object","chan":"stdout","logger":"task"}
{"timestamp":"2025-10-26T17:21:54.368688Z","level":"info","event":"datos del dim:      codigo_indicador descripcion_indicador","chan":"stdout","logger":"task"}
{"timestamp":"2025-10-26T17:21:54.369008Z","level":"info","event":"0         SP.POP.TOTL     Population, total","chan":"stdout","logger":"task"}
{"timestamp":"2025-10-26T17:21:54.369242Z","level":"info","event":"10  SP.POP.TOTL.FE.IN    Population, female","chan":"stdout","logger":"task"}
{"timestamp":"2025-10-26T17:21:54.369487Z","level":"info","event":"20  SP.POP.TOTL.MA.IN      Population, male","chan":"stdout","logger":"task"}
{"timestamp":"2025-10-26T17:21:54.381535","level":"info","event":"Done. Returned value was: /opt/airflow/data_lake/gold/dimensions/indicators.parquet","logger":"airflow.task.operators.airflow.providers.standard.operators.python.PythonOperator"}
{"timestamp":"2025-10-26T17:21:54.381815","level":"info","event":"Pushing xcom","ti":"RuntimeTaskInstance(id=UUID('019a218a-21ad-7b57-b313-3cd5832fad55'), task_id='dim_indicators', dag_id='elt_medallon', run_id='manual__2025-10-26T17:21:32.058611+00:00', try_number=1, map_index=-1, hostname='18be95685c95', context_carrier=None, task=<Task(PythonOperator): dim_indicators>, bundle_instance=LocalDagBundle(name=dags-folder), max_tries=0, start_date=datetime.datetime(2025, 10, 26, 17, 21, 53, 677284, tzinfo=TzInfo(UTC)), end_date=None, is_mapped=False)","logger":"task"}
