{"timestamp":"2025-10-26T17:16:30.757290","level":"info","event":"DAG bundles loaded: dags-folder","logger":"airflow.dag_processing.bundles.manager.DagBundlesManager"}
{"timestamp":"2025-10-26T17:16:30.758185","level":"info","event":"Filling up the DagBag from /opt/airflow/dags/elt_medallon.py","logger":"airflow.models.dagbag.DagBag"}
{"timestamp":"2025-10-26T17:16:31.521441Z","level":"info","event":"datos del df: 0      EN.GHG.CO2.AG.MT.CE.AR5","chan":"stdout","logger":"task"}
{"timestamp":"2025-10-26T17:16:31.522242Z","level":"info","event":"1      EN.GHG.CO2.AG.MT.CE.AR5","chan":"stdout","logger":"task"}
{"timestamp":"2025-10-26T17:16:31.522576Z","level":"info","event":"2      EN.GHG.CO2.AG.MT.CE.AR5","chan":"stdout","logger":"task"}
{"timestamp":"2025-10-26T17:16:31.522817Z","level":"info","event":"3      EN.GHG.CO2.AG.MT.CE.AR5","chan":"stdout","logger":"task"}
{"timestamp":"2025-10-26T17:16:31.523028Z","level":"info","event":"4      EN.GHG.CO2.AG.MT.CE.AR5","chan":"stdout","logger":"task"}
{"timestamp":"2025-10-26T17:16:31.523210Z","level":"info","event":"                ...","chan":"stdout","logger":"task"}
{"timestamp":"2025-10-26T17:16:31.523386Z","level":"info","event":"545          SP.POP.TOTL.MA.IN","chan":"stdout","logger":"task"}
{"timestamp":"2025-10-26T17:16:31.523581Z","level":"info","event":"546          SP.POP.TOTL.MA.IN","chan":"stdout","logger":"task"}
{"timestamp":"2025-10-26T17:16:31.523761Z","level":"info","event":"547          SP.POP.TOTL.MA.IN","chan":"stdout","logger":"task"}
{"timestamp":"2025-10-26T17:16:31.523934Z","level":"info","event":"548          SP.POP.TOTL.MA.IN","chan":"stdout","logger":"task"}
{"timestamp":"2025-10-26T17:16:31.524113Z","level":"info","event":"549          SP.POP.TOTL.MA.IN","chan":"stdout","logger":"task"}
{"timestamp":"2025-10-26T17:16:31.524294Z","level":"info","event":"Name: codigo_indicador, Length: 550, dtype: object","chan":"stdout","logger":"task"}
{"timestamp":"2025-10-26T17:16:31.526277Z","level":"info","event":"datos del dim:            codigo_indicador                              descripcion_indicador","chan":"stdout","logger":"task"}
{"timestamp":"2025-10-26T17:16:31.526476Z","level":"info","event":"0   EN.GHG.CO2.AG.MT.CE.AR5  Carbon dioxide (CO2) emissions from Agricultur...","chan":"stdout","logger":"task"}
{"timestamp":"2025-10-26T17:16:31.526659Z","level":"info","event":"10           NY.GDP.MKTP.CD                                  GDP (current US$)","chan":"stdout","logger":"task"}
{"timestamp":"2025-10-26T17:16:31.526835Z","level":"info","event":"20              SP.POP.TOTL                                  Population, total","chan":"stdout","logger":"task"}
{"timestamp":"2025-10-26T17:16:31.527053Z","level":"info","event":"30        SP.POP.TOTL.FE.IN                                 Population, female","chan":"stdout","logger":"task"}
{"timestamp":"2025-10-26T17:16:31.527339Z","level":"info","event":"40        SP.POP.TOTL.MA.IN                                   Population, male","chan":"stdout","logger":"task"}
{"timestamp":"2025-10-26T17:16:31.544704","level":"info","event":"Done. Returned value was: /opt/airflow/data_lake/gold/dimensions/indicators.parquet","logger":"airflow.task.operators.airflow.providers.standard.operators.python.PythonOperator"}
{"timestamp":"2025-10-26T17:16:31.545010","level":"info","event":"Pushing xcom","ti":"RuntimeTaskInstance(id=UUID('019a2185-8709-7433-a26f-5a13b2b14f4e'), task_id='dim_indicators', dag_id='elt_medallon', run_id='manual__2025-10-26T17:16:30.334066+00:00', try_number=1, map_index=-1, hostname='18be95685c95', context_carrier=None, task=<Task(PythonOperator): dim_indicators>, bundle_instance=LocalDagBundle(name=dags-folder), max_tries=0, start_date=datetime.datetime(2025, 10, 26, 17, 16, 30, 669512, tzinfo=TzInfo(UTC)), end_date=None, is_mapped=False)","logger":"task"}
