{"timestamp":"2025-10-27T18:12:40.802955","level":"info","event":"DAG bundles loaded: dags-folder","logger":"airflow.dag_processing.bundles.manager.DagBundlesManager"}
{"timestamp":"2025-10-27T18:12:40.803459","level":"info","event":"Filling up the DagBag from /opt/airflow/dags/elt_medallon.py","logger":"airflow.models.dagbag.DagBag"}
{"timestamp":"2025-10-27T18:12:41.281875Z","level":"info","event":"datos del df: 0         NY.GDP.MKTP.CD","chan":"stdout","logger":"task"}
{"timestamp":"2025-10-27T18:12:41.282266Z","level":"info","event":"1         NY.GDP.MKTP.CD","chan":"stdout","logger":"task"}
{"timestamp":"2025-10-27T18:12:41.282843Z","level":"info","event":"2         NY.GDP.MKTP.CD","chan":"stdout","logger":"task"}
{"timestamp":"2025-10-27T18:12:41.283082Z","level":"info","event":"3         NY.GDP.MKTP.CD","chan":"stdout","logger":"task"}
{"timestamp":"2025-10-27T18:12:41.283296Z","level":"info","event":"4         NY.GDP.MKTP.CD","chan":"stdout","logger":"task"}
{"timestamp":"2025-10-27T18:12:41.283542Z","level":"info","event":"             ...","chan":"stdout","logger":"task"}
{"timestamp":"2025-10-27T18:12:41.283752Z","level":"info","event":"435    SP.POP.TOTL.MA.IN","chan":"stdout","logger":"task"}
{"timestamp":"2025-10-27T18:12:41.283965Z","level":"info","event":"436    SP.POP.TOTL.MA.IN","chan":"stdout","logger":"task"}
{"timestamp":"2025-10-27T18:12:41.284206Z","level":"info","event":"437    SP.POP.TOTL.MA.IN","chan":"stdout","logger":"task"}
{"timestamp":"2025-10-27T18:12:41.284491Z","level":"info","event":"438    SP.POP.TOTL.MA.IN","chan":"stdout","logger":"task"}
{"timestamp":"2025-10-27T18:12:41.284782Z","level":"info","event":"439    SP.POP.TOTL.MA.IN","chan":"stdout","logger":"task"}
{"timestamp":"2025-10-27T18:12:41.285096Z","level":"info","event":"Name: codigo_indicador, Length: 440, dtype: object","chan":"stdout","logger":"task"}
{"timestamp":"2025-10-27T18:12:41.287526Z","level":"info","event":"datos del dim:      codigo_indicador descripcion_indicador","chan":"stdout","logger":"task"}
{"timestamp":"2025-10-27T18:12:41.287863Z","level":"info","event":"0      NY.GDP.MKTP.CD     GDP (CURRENT US$)","chan":"stdout","logger":"task"}
{"timestamp":"2025-10-27T18:12:41.288082Z","level":"info","event":"10        SP.POP.TOTL     POPULATION, TOTAL","chan":"stdout","logger":"task"}
{"timestamp":"2025-10-27T18:12:41.288284Z","level":"info","event":"20  SP.POP.TOTL.FE.IN    POPULATION, FEMALE","chan":"stdout","logger":"task"}
{"timestamp":"2025-10-27T18:12:41.288486Z","level":"info","event":"30  SP.POP.TOTL.MA.IN      POPULATION, MALE","chan":"stdout","logger":"task"}
{"timestamp":"2025-10-27T18:12:41.301105","level":"info","event":"Done. Returned value was: /opt/airflow/data_lake/gold/dimensions/indicators.parquet","logger":"airflow.task.operators.airflow.providers.standard.operators.python.PythonOperator"}
{"timestamp":"2025-10-27T18:12:41.301375","level":"info","event":"Pushing xcom","ti":"RuntimeTaskInstance(id=UUID('019a26dd-62b4-7ea2-b97f-fcba69ebbf20'), task_id='dim_indicators', dag_id='elt_medallon', run_id='manual__2025-10-27T18:10:34.274984+00:00', try_number=1, map_index=-1, hostname='02601d91773d', context_carrier=None, task=<Task(PythonOperator): dim_indicators>, bundle_instance=LocalDagBundle(name=dags-folder), max_tries=0, start_date=datetime.datetime(2025, 10, 27, 18, 12, 40, 756995, tzinfo=TzInfo(UTC)), end_date=None, is_mapped=False)","logger":"task"}
