{"timestamp":"2025-10-27T18:12:42.111887","level":"info","event":"DAG bundles loaded: dags-folder","logger":"airflow.dag_processing.bundles.manager.DagBundlesManager"}
{"timestamp":"2025-10-27T18:12:42.112392","level":"info","event":"Filling up the DagBag from /opt/airflow/dags/elt_medallon.py","logger":"airflow.models.dagbag.DagBag"}
{"timestamp":"2025-10-27T18:12:42.536071Z","level":"info","event":"datos del df:     codigo_pais_iso  year  ...  codigo_pais descripcion_pais","chan":"stdout","logger":"task"}
{"timestamp":"2025-10-27T18:12:42.536686Z","level":"info","event":"0               ARG  2024  ...           AR        ARGENTINA","chan":"stdout","logger":"task"}
{"timestamp":"2025-10-27T18:12:42.536889Z","level":"info","event":"1               ARG  2023  ...           AR        ARGENTINA","chan":"stdout","logger":"task"}
{"timestamp":"2025-10-27T18:12:42.537092Z","level":"info","event":"2               ARG  2022  ...           AR        ARGENTINA","chan":"stdout","logger":"task"}
{"timestamp":"2025-10-27T18:12:42.537293Z","level":"info","event":"3               ARG  2021  ...           AR        ARGENTINA","chan":"stdout","logger":"task"}
{"timestamp":"2025-10-27T18:12:42.537472Z","level":"info","event":"4               ARG  2020  ...           AR        ARGENTINA","chan":"stdout","logger":"task"}
{"timestamp":"2025-10-27T18:12:42.537644Z","level":"info","event":"..              ...   ...  ...          ...              ...","chan":"stdout","logger":"task"}
{"timestamp":"2025-10-27T18:12:42.537815Z","level":"info","event":"435             USA  2019  ...           US    UNITED STATES","chan":"stdout","logger":"task"}
{"timestamp":"2025-10-27T18:12:42.538019Z","level":"info","event":"436             USA  2018  ...           US    UNITED STATES","chan":"stdout","logger":"task"}
{"timestamp":"2025-10-27T18:12:42.538193Z","level":"info","event":"437             USA  2017  ...           US    UNITED STATES","chan":"stdout","logger":"task"}
{"timestamp":"2025-10-27T18:12:42.538364Z","level":"info","event":"438             USA  2016  ...           US    UNITED STATES","chan":"stdout","logger":"task"}
{"timestamp":"2025-10-27T18:12:42.538527Z","level":"info","event":"439             USA  2015  ...           US    UNITED STATES","chan":"stdout","logger":"task"}
{"timestamp":"2025-10-27T18:12:42.538697Z","level":"info","event":"","chan":"stdout","logger":"task"}
{"timestamp":"2025-10-27T18:12:42.538864Z","level":"info","event":"[440 rows x 7 columns]","chan":"stdout","logger":"task"}
{"timestamp":"2025-10-27T18:12:42.541186Z","level":"info","event":"datos del dim:     codigo_pais_iso  year         valor   codigo_indicador","chan":"stdout","logger":"task"}
{"timestamp":"2025-10-27T18:12:42.541503Z","level":"info","event":"0               ARG  2024  6.332667e+11     NY.GDP.MKTP.CD","chan":"stdout","logger":"task"}
{"timestamp":"2025-10-27T18:12:42.541726Z","level":"info","event":"1               ARG  2023  6.460753e+11     NY.GDP.MKTP.CD","chan":"stdout","logger":"task"}
{"timestamp":"2025-10-27T18:12:42.542044Z","level":"info","event":"2               ARG  2022  6.327901e+11     NY.GDP.MKTP.CD","chan":"stdout","logger":"task"}
{"timestamp":"2025-10-27T18:12:42.542334Z","level":"info","event":"3               ARG  2021  4.865641e+11     NY.GDP.MKTP.CD","chan":"stdout","logger":"task"}
{"timestamp":"2025-10-27T18:12:42.542576Z","level":"info","event":"4               ARG  2020  3.857405e+11     NY.GDP.MKTP.CD","chan":"stdout","logger":"task"}
{"timestamp":"2025-10-27T18:12:42.542873Z","level":"info","event":"..              ...   ...           ...                ...","chan":"stdout","logger":"task"}
{"timestamp":"2025-10-27T18:12:42.543138Z","level":"info","event":"435             USA  2019  1.660441e+08  SP.POP.TOTL.MA.IN","chan":"stdout","logger":"task"}
{"timestamp":"2025-10-27T18:12:42.543454Z","level":"info","event":"436             USA  2018  1.650791e+08  SP.POP.TOTL.MA.IN","chan":"stdout","logger":"task"}
{"timestamp":"2025-10-27T18:12:42.543676Z","level":"info","event":"437             USA  2017  1.639883e+08  SP.POP.TOTL.MA.IN","chan":"stdout","logger":"task"}
{"timestamp":"2025-10-27T18:12:42.543981Z","level":"info","event":"438             USA  2016  1.627152e+08  SP.POP.TOTL.MA.IN","chan":"stdout","logger":"task"}
{"timestamp":"2025-10-27T18:12:42.544439Z","level":"info","event":"439             USA  2015  1.612945e+08  SP.POP.TOTL.MA.IN","chan":"stdout","logger":"task"}
{"timestamp":"2025-10-27T18:12:42.544625Z","level":"info","event":"","chan":"stdout","logger":"task"}
{"timestamp":"2025-10-27T18:12:42.544829Z","level":"info","event":"[440 rows x 4 columns]","chan":"stdout","logger":"task"}
{"timestamp":"2025-10-27T18:12:42.564468","level":"info","event":"Done. Returned value was: /opt/airflow/data_lake/gold/facts/fact_indicators.parquet","logger":"airflow.task.operators.airflow.providers.standard.operators.python.PythonOperator"}
{"timestamp":"2025-10-27T18:12:42.564715","level":"info","event":"Pushing xcom","ti":"RuntimeTaskInstance(id=UUID('019a26dd-62b5-715f-80e2-2799b1fcff71'), task_id='fact_indicators', dag_id='elt_medallon', run_id='manual__2025-10-27T18:10:34.274984+00:00', try_number=1, map_index=-1, hostname='02601d91773d', context_carrier=None, task=<Task(PythonOperator): fact_indicators>, bundle_instance=LocalDagBundle(name=dags-folder), max_tries=0, start_date=datetime.datetime(2025, 10, 27, 18, 12, 42, 62609, tzinfo=TzInfo(UTC)), end_date=None, is_mapped=False)","logger":"task"}
